0 info it worked if it ends with ok
1 verbose cli [ '/home/lap-ht21/.nvm/v0.8.28/bin/node',
1 verbose cli   '/home/lap-ht21/.nvm/v0.8.28/bin/npm',
1 verbose cli   'install',
1 verbose cli   'express' ]
2 info using npm@1.2.30
3 info using node@v0.8.28
4 verbose read json /home/lap-ht21/dan_sre/node/package.json
5 warn package.json node@1.0.0 No repository field.
6 warn package.json node@1.0.0 No readme data.
7 verbose from cache /home/lap-ht21/dan_sre/node/package.json
8 verbose readDependencies using package.json deps
9 verbose cache add [ 'express', null ]
10 verbose cache add name=undefined spec="express" args=["express",null]
11 verbose parsed url { pathname: 'express', path: 'express', href: 'express' }
12 silly lockFile f3c62de4-express express
13 verbose lock express /home/lap-ht21/.npm/f3c62de4-express.lock
14 silly lockFile f3c62de4-express express
15 silly lockFile f3c62de4-express express
16 verbose addNamed [ 'express', '' ]
17 verbose addNamed [ null, '' ]
18 silly lockFile 64a534c1-express express@
19 verbose lock express@ /home/lap-ht21/.npm/64a534c1-express.lock
20 silly addNameRange { name: 'express', range: '', hasData: false }
21 verbose url raw express
22 verbose url resolving [ 'https://nexus01-nexus.az.gdoci01.gdpdentsu.net/repository/npm/',
22 verbose url resolving   './express' ]
23 verbose url resolved https://nexus01-nexus.az.gdoci01.gdpdentsu.net/repository/npm/express
24 silly lockFile 64a534c1-express express@
25 silly lockFile 64a534c1-express express@
26 error Error: Cannot insert data into the registry without auth
26 error     at RegClient.regRequest [as request] (/home/lap-ht21/.nvm/v0.8.28/lib/node_modules/npm/node_modules/npm-registry-client/lib/request.js:96:15)
26 error     at RegClient.get_ (/home/lap-ht21/.nvm/v0.8.28/lib/node_modules/npm/node_modules/npm-registry-client/lib/get.js:112:8)
26 error     at RegClient.<anonymous> (/home/lap-ht21/.nvm/v0.8.28/lib/node_modules/npm/node_modules/npm-registry-client/lib/get.js:39:15)
26 error     at Object.oncomplete (fs.js:302:15)
27 error If you need help, you may report this log at:
27 error     <http://github.com/isaacs/npm/issues>
27 error or email it to:
27 error     <npm-@googlegroups.com>
28 error System Linux 4.15.0-142-generic
29 error command "/home/lap-ht21/.nvm/v0.8.28/bin/node" "/home/lap-ht21/.nvm/v0.8.28/bin/npm" "install" "express"
30 error cwd /home/lap-ht21/dan_sre/node
31 error node -v v0.8.28
32 error npm -v 1.2.30
33 verbose exit [ 1, true ]
